<?xml version="1.0" encoding="UTF-8"?>
<testsuite xmlns:xsi="http://www.w3.org/2001/XMLSchema-instance" xsi:noNamespaceSchemaLocation="https://maven.apache.org/surefire/maven-surefire-plugin/xsd/surefire-test-report-3.0.xsd" version="3.0" name="elte.szofttech.bomberman.tests.PlayerTest" time="0.024" tests="5" errors="0" skipped="0" failures="0">
  <properties>
[...]
</properties>
  <testcase name="onCollisionTestDifferentCoordinates" classname="elte.szofttech.bomberman.tests.PlayerTest" time="0.005"/>
  <testcase name="moveTestOutOfTheBoard" classname="elte.szofttech.bomberman.tests.PlayerTest" time="0.003"/>
  <testcase name="moveTestToOccupiedField" classname="elte.szofttech.bomberman.tests.PlayerTest" time="0.001"/>
  <testcase name="onCollisionTestWithCollision" classname="elte.szofttech.bomberman.tests.PlayerTest" time="0.002"/>
  <testcase name="moveTestValidToTheRight" classname="elte.szofttech.bomberman.tests.PlayerTest" time="0.008"/>
</testsuite>